2024-02-14 21:07:04,427 - ERROR - YoungCmpny Error: The company(373220) don't have any finstate before 2019!
2024-02-14 21:07:06,055 - ERROR - YoungCmpny Error: The company(005935) don't have any finstate before 2022!
2024-02-14 21:07:11,114 - ERROR - YoungCmpny Error: The company(105560) don't have any finstate before 2019!
2024-02-14 21:07:12,980 - ERROR - YoungCmpny Error: The company(055550) don't have any finstate before 2019!
2024-02-14 21:07:15,678 - ERROR - YoungCmpny Error: The company(032830) don't have any finstate before 2019!
2024-02-14 21:07:15,981 - ERROR - YoungCmpny Error: The company(086790) don't have any finstate before 2019!
2024-02-14 21:07:16,293 - ERROR - YoungCmpny Error: The company(138040) don't have any finstate before 2019!
2024-02-14 21:07:17,380 - ERROR - YoungCmpny Error: The company(323410) don't have any finstate before 2019!
2024-02-14 21:07:17,706 - ERROR - YoungCmpny Error: The company(000810) don't have any finstate before 2019!
2024-02-14 21:07:19,781 - ERROR - YoungCmpny Error: The company(450080) don't have any finstate before 2019!
2024-02-14 21:07:24,001 - ERROR - YoungCmpny Error: The company(259960) don't have any finstate before 2019!
2024-02-14 21:07:25,101 - ERROR - YoungCmpny Error: The company(024110) don't have any finstate before 2019!
2024-02-14 21:07:25,405 - ERROR - YoungCmpny Error: The company(316140) don't have any finstate before 2019!
2024-02-14 21:07:28,180 - ERROR - YoungCmpny Error: The company(329180) don't have any finstate before 2019!
2024-02-14 21:07:30,016 - ERROR - YoungCmpny Error: The company(352820) don't have any finstate before 2019!
2024-02-14 21:07:31,113 - ERROR - YoungCmpny Error: The company(402340) don't have any finstate before 2019!
2024-02-14 21:07:38,158 - ERROR - YoungCmpny Error: The company(326030) don't have any finstate before 2019!
2024-02-14 21:07:38,447 - ERROR - YoungCmpny Error: The company(005830) don't have any finstate before 2019!
2024-02-14 21:07:40,329 - ERROR - YoungCmpny Error: The company(377300) don't have any finstate before 2019!
2024-02-14 21:07:41,153 - ERROR - YoungCmpny Error: The company(005387) don't have any finstate before 2022!
2024-02-14 21:07:43,671 - ERROR - YoungCmpny Error: The company(088980) don't have any finstate before 2022!
2024-02-14 21:07:44,580 - ERROR - YoungCmpny Error: The company(454910) don't have any finstate before 2022!
2024-02-14 21:07:46,545 - ERROR - YoungCmpny Error: The company(006800) don't have any finstate before 2019!
2024-02-14 21:07:48,385 - ERROR - YoungCmpny Error: The company(302440) don't have any finstate before 2019!
2024-02-14 21:07:49,453 - ERROR - YoungCmpny Error: The company(361610) don't have any finstate before 2019!
2024-02-14 21:07:58,940 - ERROR - Given date not in the dataframe 'sp_data'
2024-02-14 21:08:01,608 - ERROR - YoungCmpny Error: The company(029780) don't have any finstate before 2019!
2024-02-14 21:08:03,193 - ERROR - YoungCmpny Error: The company(005385) don't have any finstate before 2022!
2024-02-14 21:08:04,244 - ERROR - YoungCmpny Error: The company(071050) don't have any finstate before 2019!
2024-02-14 21:08:04,619 - ERROR - YoungCmpny Error: The company(005940) don't have any finstate before 2019!
2024-02-14 21:08:07,400 - ERROR - YoungCmpny Error: The company(016360) don't have any finstate before 2019!
2024-02-14 21:08:16,045 - ERROR - YoungCmpny Error: The company(373220) don't have any finstate before 2019!
2024-02-14 21:08:17,638 - ERROR - YoungCmpny Error: The company(005935) don't have any finstate before 2022!
2024-02-14 21:08:22,741 - ERROR - YoungCmpny Error: The company(105560) don't have any finstate before 2019!
2024-02-14 21:08:24,672 - ERROR - YoungCmpny Error: The company(055550) don't have any finstate before 2019!
2024-02-14 21:08:27,331 - ERROR - YoungCmpny Error: The company(032830) don't have any finstate before 2019!
2024-02-14 21:08:27,632 - ERROR - YoungCmpny Error: The company(086790) don't have any finstate before 2019!
2024-02-14 21:08:27,920 - ERROR - YoungCmpny Error: The company(138040) don't have any finstate before 2019!
2024-02-14 21:08:28,129 - ERROR - YoungCmpny Error: The company(003550) don't have any finstate before 2019!
2024-02-14 21:08:28,181 - ERROR - HTTPSConnectionPool(host='opendart.fss.or.kr', port=443): Max retries exceeded with url: /api/stockTotqySttus.json?crtfc_key=c9c3e33ebd69e0180bafc54c2ed7f47f44663bf5&corp_code=01133217&bsns_year=2022&reprt_code=11011 (Caused by SSLError(SSLEOFError(8, '[SSL: UNEXPECTED_EOF_WHILE_READING] EOF occurred in violation of protocol (_ssl.c:1007)')))
2024-02-14 21:12:31,094 - ERROR - YoungCmpny Error: The company(373220) don't have any finstate before 2019!
2024-02-14 21:12:32,687 - ERROR - YoungCmpny Error: The company(005935) don't have any finstate before 2022!
2024-02-14 21:12:37,723 - ERROR - YoungCmpny Error: The company(105560) don't have any finstate before 2019!
2024-02-14 21:12:39,608 - ERROR - YoungCmpny Error: The company(055550) don't have any finstate before 2019!
2024-02-14 21:12:42,291 - ERROR - YoungCmpny Error: The company(032830) don't have any finstate before 2019!
2024-02-14 21:12:42,613 - ERROR - YoungCmpny Error: The company(086790) don't have any finstate before 2019!
2024-02-14 21:12:42,901 - ERROR - YoungCmpny Error: The company(138040) don't have any finstate before 2019!
2024-02-14 21:12:44,008 - ERROR - YoungCmpny Error: The company(323410) don't have any finstate before 2019!
2024-02-14 21:12:45,365 - ERROR - YoungCmpny Error: The company(000810) don't have any finstate before 2019!
2024-02-14 21:12:46,517 - ERROR - YoungCmpny Error: The company(450080) don't have any finstate before 2019!
2024-02-14 21:12:50,711 - ERROR - YoungCmpny Error: The company(259960) don't have any finstate before 2019!
2024-02-14 21:12:51,741 - ERROR - YoungCmpny Error: The company(024110) don't have any finstate before 2019!
2024-02-14 21:12:52,033 - ERROR - YoungCmpny Error: The company(316140) don't have any finstate before 2019!
2024-02-14 21:12:54,744 - ERROR - YoungCmpny Error: The company(329180) don't have any finstate before 2019!
2024-02-14 21:12:56,693 - ERROR - YoungCmpny Error: The company(352820) don't have any finstate before 2019!
2024-02-14 21:12:57,813 - ERROR - YoungCmpny Error: The company(402340) don't have any finstate before 2019!
2024-02-14 21:13:12,160 - ERROR - YoungCmpny Error: The company(326030) don't have any finstate before 2019!
2024-02-14 21:13:12,421 - ERROR - YoungCmpny Error: The company(005830) don't have any finstate before 2019!
2024-02-14 21:13:14,262 - ERROR - YoungCmpny Error: The company(377300) don't have any finstate before 2019!
2024-02-14 21:13:15,082 - ERROR - YoungCmpny Error: The company(005387) don't have any finstate before 2022!
2024-02-14 21:13:17,635 - ERROR - YoungCmpny Error: The company(088980) don't have any finstate before 2022!
2024-02-14 21:13:18,569 - ERROR - YoungCmpny Error: The company(454910) don't have any finstate before 2022!
2024-02-14 21:13:20,475 - ERROR - YoungCmpny Error: The company(006800) don't have any finstate before 2019!
2024-02-14 21:13:22,261 - ERROR - YoungCmpny Error: The company(302440) don't have any finstate before 2019!
2024-02-14 21:13:23,320 - ERROR - YoungCmpny Error: The company(361610) don't have any finstate before 2019!
2024-02-14 21:13:32,472 - ERROR - Given date not in the dataframe 'sp_data'
2024-02-14 21:13:35,173 - ERROR - YoungCmpny Error: The company(029780) don't have any finstate before 2019!
2024-02-14 21:13:36,711 - ERROR - YoungCmpny Error: The company(005385) don't have any finstate before 2022!
2024-02-14 21:13:37,773 - ERROR - YoungCmpny Error: The company(071050) don't have any finstate before 2019!
2024-02-14 21:13:38,133 - ERROR - YoungCmpny Error: The company(005940) don't have any finstate before 2019!
2024-02-14 21:13:40,938 - ERROR - YoungCmpny Error: The company(016360) don't have any finstate before 2019!
2024-02-14 21:13:51,502 - ERROR - YoungCmpny Error: The company(373220) don't have any finstate before 2019!
2024-02-14 21:13:53,078 - ERROR - YoungCmpny Error: The company(005935) don't have any finstate before 2022!
2024-02-14 21:13:58,083 - ERROR - YoungCmpny Error: The company(105560) don't have any finstate before 2019!
2024-02-14 21:14:00,013 - ERROR - YoungCmpny Error: The company(055550) don't have any finstate before 2019!
2024-02-14 21:14:02,781 - ERROR - YoungCmpny Error: The company(032830) don't have any finstate before 2019!
2024-02-14 21:14:03,104 - ERROR - YoungCmpny Error: The company(086790) don't have any finstate before 2019!
2024-02-14 21:14:03,405 - ERROR - YoungCmpny Error: The company(138040) don't have any finstate before 2019!
2024-02-14 21:14:04,492 - ERROR - YoungCmpny Error: The company(323410) don't have any finstate before 2019!
2024-02-14 21:14:04,832 - ERROR - YoungCmpny Error: The company(000810) don't have any finstate before 2019!
2024-02-14 21:14:06,951 - ERROR - YoungCmpny Error: The company(450080) don't have any finstate before 2019!
2024-02-14 21:14:11,361 - ERROR - YoungCmpny Error: The company(259960) don't have any finstate before 2019!
2024-02-14 21:14:12,540 - ERROR - YoungCmpny Error: The company(024110) don't have any finstate before 2019!
2024-02-14 21:14:12,844 - ERROR - YoungCmpny Error: The company(316140) don't have any finstate before 2019!
2024-02-14 21:14:15,537 - ERROR - YoungCmpny Error: The company(329180) don't have any finstate before 2019!
2024-02-14 21:14:17,459 - ERROR - YoungCmpny Error: The company(352820) don't have any finstate before 2019!
2024-02-14 21:14:18,540 - ERROR - YoungCmpny Error: The company(402340) don't have any finstate before 2019!
2024-02-14 21:14:25,450 - ERROR - YoungCmpny Error: The company(326030) don't have any finstate before 2019!
2024-02-14 21:14:25,740 - ERROR - YoungCmpny Error: The company(005830) don't have any finstate before 2019!
2024-02-14 21:14:27,519 - ERROR - YoungCmpny Error: The company(377300) don't have any finstate before 2019!
2024-02-14 21:14:28,297 - ERROR - YoungCmpny Error: The company(005387) don't have any finstate before 2022!
2024-02-14 21:14:30,804 - ERROR - YoungCmpny Error: The company(088980) don't have any finstate before 2022!
2024-02-14 21:14:31,712 - ERROR - YoungCmpny Error: The company(454910) don't have any finstate before 2022!
2024-02-14 21:14:33,639 - ERROR - YoungCmpny Error: The company(006800) don't have any finstate before 2019!
2024-02-14 21:14:35,408 - ERROR - YoungCmpny Error: The company(302440) don't have any finstate before 2019!
2024-02-14 21:14:36,440 - ERROR - YoungCmpny Error: The company(361610) don't have any finstate before 2019!
2024-02-14 21:14:44,674 - ERROR - Given date not in the dataframe 'sp_data'
2024-02-14 21:14:47,450 - ERROR - YoungCmpny Error: The company(029780) don't have any finstate before 2019!
2024-02-14 21:14:49,034 - ERROR - YoungCmpny Error: The company(005385) don't have any finstate before 2022!
2024-02-14 21:14:50,113 - ERROR - YoungCmpny Error: The company(071050) don't have any finstate before 2019!
2024-02-14 21:14:50,451 - ERROR - YoungCmpny Error: The company(005940) don't have any finstate before 2019!
2024-02-14 21:14:53,093 - ERROR - YoungCmpny Error: The company(016360) don't have any finstate before 2019!
2024-02-14 21:15:06,805 - ERROR - YoungCmpny Error: The company(373220) don't have any finstate before 2019!
2024-02-14 21:15:08,457 - ERROR - YoungCmpny Error: The company(005935) don't have any finstate before 2022!
2024-02-14 21:15:13,740 - ERROR - YoungCmpny Error: The company(105560) don't have any finstate before 2019!
2024-02-14 21:15:15,683 - ERROR - YoungCmpny Error: The company(055550) don't have any finstate before 2019!
2024-02-14 21:15:18,404 - ERROR - YoungCmpny Error: The company(032830) don't have any finstate before 2019!
2024-02-14 21:15:18,725 - ERROR - YoungCmpny Error: The company(086790) don't have any finstate before 2019!
2024-02-14 21:15:19,044 - ERROR - YoungCmpny Error: The company(138040) don't have any finstate before 2019!
2024-02-14 21:15:20,204 - ERROR - YoungCmpny Error: The company(323410) don't have any finstate before 2019!
2024-02-14 21:15:20,540 - ERROR - YoungCmpny Error: The company(000810) don't have any finstate before 2019!
2024-02-14 21:15:21,660 - ERROR - YoungCmpny Error: The company(450080) don't have any finstate before 2019!
2024-02-14 21:15:26,039 - ERROR - YoungCmpny Error: The company(259960) don't have any finstate before 2019!
2024-02-14 21:15:27,173 - ERROR - YoungCmpny Error: The company(024110) don't have any finstate before 2019!
2024-02-14 21:15:27,501 - ERROR - YoungCmpny Error: The company(316140) don't have any finstate before 2019!
2024-02-14 21:15:30,233 - ERROR - YoungCmpny Error: The company(329180) don't have any finstate before 2019!
2024-02-14 21:15:32,041 - ERROR - YoungCmpny Error: The company(352820) don't have any finstate before 2019!
2024-02-14 21:15:33,153 - ERROR - YoungCmpny Error: The company(402340) don't have any finstate before 2019!
2024-02-14 21:15:39,133 - ERROR - YoungCmpny Error: The company(326030) don't have any finstate before 2019!
2024-02-14 21:15:39,452 - ERROR - YoungCmpny Error: The company(005830) don't have any finstate before 2019!
2024-02-14 21:15:41,347 - ERROR - YoungCmpny Error: The company(377300) don't have any finstate before 2019!
2024-02-14 21:15:42,171 - ERROR - YoungCmpny Error: The company(005387) don't have any finstate before 2022!
2024-02-14 21:15:44,773 - ERROR - YoungCmpny Error: The company(088980) don't have any finstate before 2022!
2024-02-14 21:15:45,755 - ERROR - YoungCmpny Error: The company(454910) don't have any finstate before 2022!
2024-02-14 21:15:47,701 - ERROR - YoungCmpny Error: The company(006800) don't have any finstate before 2019!
2024-02-14 21:15:49,635 - ERROR - YoungCmpny Error: The company(302440) don't have any finstate before 2019!
2024-02-14 21:15:50,733 - ERROR - YoungCmpny Error: The company(361610) don't have any finstate before 2019!
2024-02-14 21:15:59,442 - ERROR - Given date not in the dataframe 'sp_data'
2024-02-14 21:15:59,655 - ERROR - YoungCmpny Error: The company(128940) don't have any finstate before 2019!
2024-02-14 21:16:00,027 - ERROR - HTTPSConnectionPool(host='opendart.fss.or.kr', port=443): Max retries exceeded with url: /api/alotMatter.json?crtfc_key=c9c3e33ebd69e0180bafc54c2ed7f47f44663bf5&corp_code=00170558&bsns_year=2019&reprt_code=11011 (Caused by SSLError(SSLEOFError(8, '[SSL: UNEXPECTED_EOF_WHILE_READING] EOF occurred in violation of protocol (_ssl.c:1007)')))
2024-02-14 21:18:10,791 - ERROR - YoungCmpny Error: The company(373220) don't have any finstate before 2019!
2024-02-14 21:18:12,410 - ERROR - YoungCmpny Error: The company(005935) don't have any finstate before 2022!
2024-02-14 21:18:17,683 - ERROR - YoungCmpny Error: The company(105560) don't have any finstate before 2019!
2024-02-14 21:18:19,624 - ERROR - YoungCmpny Error: The company(055550) don't have any finstate before 2019!
2024-02-14 21:18:23,241 - ERROR - YoungCmpny Error: The company(032830) don't have any finstate before 2019!
2024-02-14 21:18:23,551 - ERROR - YoungCmpny Error: The company(086790) don't have any finstate before 2019!
2024-02-14 21:18:23,881 - ERROR - YoungCmpny Error: The company(138040) don't have any finstate before 2019!
2024-02-14 21:18:25,104 - ERROR - YoungCmpny Error: The company(323410) don't have any finstate before 2019!
2024-02-14 21:18:25,441 - ERROR - YoungCmpny Error: The company(000810) don't have any finstate before 2019!
2024-02-14 21:18:26,581 - ERROR - YoungCmpny Error: The company(450080) don't have any finstate before 2019!
2024-02-14 21:18:30,884 - ERROR - YoungCmpny Error: The company(259960) don't have any finstate before 2019!
2024-02-14 21:18:31,997 - ERROR - YoungCmpny Error: The company(024110) don't have any finstate before 2019!
2024-02-14 21:18:32,289 - ERROR - YoungCmpny Error: The company(316140) don't have any finstate before 2019!
2024-02-14 21:18:34,992 - ERROR - YoungCmpny Error: The company(329180) don't have any finstate before 2019!
2024-02-14 21:18:36,911 - ERROR - YoungCmpny Error: The company(352820) don't have any finstate before 2019!
2024-02-14 21:18:38,020 - ERROR - YoungCmpny Error: The company(402340) don't have any finstate before 2019!
2024-02-14 21:18:43,930 - ERROR - YoungCmpny Error: The company(326030) don't have any finstate before 2019!
2024-02-14 21:18:44,226 - ERROR - YoungCmpny Error: The company(005830) don't have any finstate before 2019!
2024-02-14 21:18:46,140 - ERROR - YoungCmpny Error: The company(377300) don't have any finstate before 2019!
2024-02-14 21:18:47,058 - ERROR - YoungCmpny Error: The company(005387) don't have any finstate before 2022!
2024-02-14 21:18:49,627 - ERROR - YoungCmpny Error: The company(088980) don't have any finstate before 2022!
2024-02-14 21:18:50,627 - ERROR - YoungCmpny Error: The company(454910) don't have any finstate before 2022!
2024-02-14 21:18:52,573 - ERROR - YoungCmpny Error: The company(006800) don't have any finstate before 2019!
2024-02-14 21:18:54,475 - ERROR - YoungCmpny Error: The company(302440) don't have any finstate before 2019!
2024-02-14 21:18:55,533 - ERROR - YoungCmpny Error: The company(361610) don't have any finstate before 2019!
2024-02-14 21:19:05,218 - ERROR - Given date not in the dataframe 'sp_data'
2024-02-14 21:19:07,961 - ERROR - YoungCmpny Error: The company(029780) don't have any finstate before 2019!
2024-02-14 21:19:09,563 - ERROR - YoungCmpny Error: The company(005385) don't have any finstate before 2022!
2024-02-14 21:19:10,644 - ERROR - YoungCmpny Error: The company(071050) don't have any finstate before 2019!
2024-02-14 21:19:11,010 - ERROR - YoungCmpny Error: The company(005940) don't have any finstate before 2019!
2024-02-14 21:19:13,684 - ERROR - YoungCmpny Error: The company(016360) don't have any finstate before 2019!
2024-02-14 21:19:21,743 - ERROR - YoungCmpny Error: The company(373220) don't have any finstate before 2019!
2024-02-14 21:19:23,356 - ERROR - YoungCmpny Error: The company(005935) don't have any finstate before 2022!
2024-02-14 21:19:28,580 - ERROR - YoungCmpny Error: The company(105560) don't have any finstate before 2019!
2024-02-14 21:19:30,520 - ERROR - YoungCmpny Error: The company(055550) don't have any finstate before 2019!
2024-02-14 21:19:33,194 - ERROR - YoungCmpny Error: The company(032830) don't have any finstate before 2019!
2024-02-14 21:19:33,492 - ERROR - YoungCmpny Error: The company(086790) don't have any finstate before 2019!
2024-02-14 21:19:33,803 - ERROR - YoungCmpny Error: The company(138040) don't have any finstate before 2019!
2024-02-14 21:19:36,042 - ERROR - YoungCmpny Error: The company(323410) don't have any finstate before 2019!
2024-02-14 21:19:36,332 - ERROR - YoungCmpny Error: The company(000810) don't have any finstate before 2019!
2024-02-14 21:19:37,532 - ERROR - YoungCmpny Error: The company(450080) don't have any finstate before 2019!
2024-02-14 21:19:41,923 - ERROR - YoungCmpny Error: The company(259960) don't have any finstate before 2019!
2024-02-14 21:19:43,091 - ERROR - YoungCmpny Error: The company(024110) don't have any finstate before 2019!
2024-02-14 21:19:43,412 - ERROR - YoungCmpny Error: The company(316140) don't have any finstate before 2019!
2024-02-14 21:19:46,191 - ERROR - YoungCmpny Error: The company(329180) don't have any finstate before 2019!
2024-02-14 21:19:48,080 - ERROR - YoungCmpny Error: The company(352820) don't have any finstate before 2019!
2024-02-14 21:19:49,224 - ERROR - YoungCmpny Error: The company(402340) don't have any finstate before 2019!
2024-02-14 21:19:56,201 - ERROR - YoungCmpny Error: The company(326030) don't have any finstate before 2019!
2024-02-14 21:19:56,520 - ERROR - YoungCmpny Error: The company(005830) don't have any finstate before 2019!
2024-02-14 21:19:58,572 - ERROR - YoungCmpny Error: The company(377300) don't have any finstate before 2019!
2024-02-14 21:19:59,385 - ERROR - YoungCmpny Error: The company(005387) don't have any finstate before 2022!
2024-02-14 21:20:02,107 - ERROR - YoungCmpny Error: The company(088980) don't have any finstate before 2022!
2024-02-14 21:20:03,094 - ERROR - YoungCmpny Error: The company(454910) don't have any finstate before 2022!
2024-02-14 21:20:05,123 - ERROR - YoungCmpny Error: The company(006800) don't have any finstate before 2019!
2024-02-14 21:20:07,144 - ERROR - YoungCmpny Error: The company(302440) don't have any finstate before 2019!
2024-02-14 21:20:08,312 - ERROR - YoungCmpny Error: The company(361610) don't have any finstate before 2019!
2024-02-14 21:20:08,374 - ERROR - HTTPSConnectionPool(host='opendart.fss.or.kr', port=443): Max retries exceeded with url: /api/stockTotqySttus.json?crtfc_key=c9c3e33ebd69e0180bafc54c2ed7f47f44663bf5&corp_code=00356370&bsns_year=2022&reprt_code=11011 (Caused by SSLError(SSLEOFError(8, '[SSL: UNEXPECTED_EOF_WHILE_READING] EOF occurred in violation of protocol (_ssl.c:1007)')))
2024-02-14 21:21:34,143 - ERROR - YoungCmpny Error: The company(373220) don't have any finstate before 2019!
2024-02-14 21:21:35,754 - ERROR - YoungCmpny Error: The company(005935) don't have any finstate before 2022!
2024-02-14 21:21:40,848 - ERROR - YoungCmpny Error: The company(105560) don't have any finstate before 2019!
2024-02-14 21:21:42,819 - ERROR - YoungCmpny Error: The company(055550) don't have any finstate before 2019!
2024-02-14 21:21:45,530 - ERROR - YoungCmpny Error: The company(032830) don't have any finstate before 2019!
2024-02-14 21:21:45,841 - ERROR - YoungCmpny Error: The company(086790) don't have any finstate before 2019!
2024-02-14 21:21:46,142 - ERROR - YoungCmpny Error: The company(138040) don't have any finstate before 2019!
2024-02-14 21:21:47,264 - ERROR - YoungCmpny Error: The company(323410) don't have any finstate before 2019!
2024-02-14 21:21:47,603 - ERROR - YoungCmpny Error: The company(000810) don't have any finstate before 2019!
2024-02-14 21:21:48,731 - ERROR - YoungCmpny Error: The company(450080) don't have any finstate before 2019!
2024-02-14 21:21:52,970 - ERROR - YoungCmpny Error: The company(259960) don't have any finstate before 2019!
2024-02-14 21:21:54,151 - ERROR - YoungCmpny Error: The company(024110) don't have any finstate before 2019!
2024-02-14 21:21:54,465 - ERROR - YoungCmpny Error: The company(316140) don't have any finstate before 2019!
2024-02-14 21:21:57,189 - ERROR - YoungCmpny Error: The company(329180) don't have any finstate before 2019!
2024-02-14 21:21:59,051 - ERROR - YoungCmpny Error: The company(352820) don't have any finstate before 2019!
2024-02-14 21:22:00,191 - ERROR - YoungCmpny Error: The company(402340) don't have any finstate before 2019!
2024-02-14 21:22:06,152 - ERROR - YoungCmpny Error: The company(326030) don't have any finstate before 2019!
2024-02-14 21:22:06,469 - ERROR - YoungCmpny Error: The company(005830) don't have any finstate before 2019!
2024-02-14 21:22:07,723 - ERROR - YoungCmpny Error: The company(086280) don't have any finstate before 2022!
2024-02-14 21:22:08,000 - ERROR - YoungCmpny Error: The company(377300) don't have any finstate before 2019!
2024-02-14 21:22:08,853 - ERROR - YoungCmpny Error: The company(005387) don't have any finstate before 2022!
2024-02-14 21:22:11,304 - ERROR - YoungCmpny Error: The company(088980) don't have any finstate before 2022!
2024-02-14 21:22:12,180 - ERROR - YoungCmpny Error: The company(454910) don't have any finstate before 2022!
2024-02-14 21:22:14,059 - ERROR - YoungCmpny Error: The company(006800) don't have any finstate before 2019!
2024-02-14 21:22:16,041 - ERROR - YoungCmpny Error: The company(302440) don't have any finstate before 2019!
2024-02-14 21:22:17,121 - ERROR - YoungCmpny Error: The company(361610) don't have any finstate before 2019!
2024-02-14 21:22:26,442 - ERROR - Given date not in the dataframe 'sp_data'
2024-02-14 21:22:30,420 - ERROR - YoungCmpny Error: The company(029780) don't have any finstate before 2019!
2024-02-14 21:22:31,992 - ERROR - YoungCmpny Error: The company(005385) don't have any finstate before 2022!
2024-02-14 21:22:33,092 - ERROR - YoungCmpny Error: The company(071050) don't have any finstate before 2019!
2024-02-14 21:22:33,452 - ERROR - YoungCmpny Error: The company(005940) don't have any finstate before 2019!
2024-02-14 21:22:36,143 - ERROR - YoungCmpny Error: The company(016360) don't have any finstate before 2019!
2024-02-14 21:23:01,201 - ERROR - YoungCmpny Error: The company(373220) don't have any finstate before 2019!
2024-02-14 21:23:02,844 - ERROR - YoungCmpny Error: The company(005935) don't have any finstate before 2022!
2024-02-14 21:23:08,130 - ERROR - YoungCmpny Error: The company(105560) don't have any finstate before 2019!
2024-02-14 21:23:10,028 - ERROR - YoungCmpny Error: The company(055550) don't have any finstate before 2019!
2024-02-14 21:23:12,778 - ERROR - YoungCmpny Error: The company(032830) don't have any finstate before 2019!
2024-02-14 21:23:13,086 - ERROR - YoungCmpny Error: The company(086790) don't have any finstate before 2019!
2024-02-14 21:23:13,430 - ERROR - YoungCmpny Error: The company(138040) don't have any finstate before 2019!
2024-02-14 21:23:15,569 - ERROR - YoungCmpny Error: The company(323410) don't have any finstate before 2019!
2024-02-14 21:23:15,883 - ERROR - YoungCmpny Error: The company(000810) don't have any finstate before 2019!
2024-02-14 21:23:16,951 - ERROR - YoungCmpny Error: The company(450080) don't have any finstate before 2019!
2024-02-14 21:23:21,280 - ERROR - YoungCmpny Error: The company(259960) don't have any finstate before 2019!
2024-02-14 21:23:22,379 - ERROR - YoungCmpny Error: The company(024110) don't have any finstate before 2019!
2024-02-14 21:23:22,661 - ERROR - YoungCmpny Error: The company(316140) don't have any finstate before 2019!
2024-02-14 21:23:25,361 - ERROR - YoungCmpny Error: The company(329180) don't have any finstate before 2019!
2024-02-14 21:23:27,284 - ERROR - YoungCmpny Error: The company(352820) don't have any finstate before 2019!
2024-02-14 21:23:28,343 - ERROR - YoungCmpny Error: The company(402340) don't have any finstate before 2019!
2024-02-14 21:23:35,292 - ERROR - YoungCmpny Error: The company(326030) don't have any finstate before 2019!
2024-02-14 21:23:35,581 - ERROR - YoungCmpny Error: The company(005830) don't have any finstate before 2019!
2024-02-14 21:23:37,411 - ERROR - YoungCmpny Error: The company(377300) don't have any finstate before 2019!
2024-02-14 21:23:38,209 - ERROR - YoungCmpny Error: The company(005387) don't have any finstate before 2022!
2024-02-14 21:23:40,704 - ERROR - YoungCmpny Error: The company(088980) don't have any finstate before 2022!
2024-02-14 21:23:41,654 - ERROR - YoungCmpny Error: The company(454910) don't have any finstate before 2022!
2024-02-14 21:23:42,497 - ERROR - HTTPSConnectionPool(host='opendart.fss.or.kr', port=443): Max retries exceeded with url: /api/stockTotqySttus.json?crtfc_key=c9c3e33ebd69e0180bafc54c2ed7f47f44663bf5&corp_code=00398701&bsns_year=2022&reprt_code=11011 (Caused by SSLError(SSLEOFError(8, '[SSL: UNEXPECTED_EOF_WHILE_READING] EOF occurred in violation of protocol (_ssl.c:1007)')))
2024-02-14 21:27:29,461 - ERROR - YoungCmpny Error: The company(373220) don't have any finstate before 2019!
2024-02-14 21:27:31,023 - ERROR - YoungCmpny Error: The company(005935) don't have any finstate before 2022!
2024-02-14 21:27:36,043 - ERROR - YoungCmpny Error: The company(105560) don't have any finstate before 2019!
2024-02-14 21:27:37,932 - ERROR - YoungCmpny Error: The company(055550) don't have any finstate before 2019!
2024-02-14 21:27:40,622 - ERROR - YoungCmpny Error: The company(032830) don't have any finstate before 2019!
2024-02-14 21:27:40,921 - ERROR - YoungCmpny Error: The company(086790) don't have any finstate before 2019!
2024-02-14 21:27:41,218 - ERROR - YoungCmpny Error: The company(138040) don't have any finstate before 2019!
2024-02-14 21:27:42,304 - ERROR - YoungCmpny Error: The company(323410) don't have any finstate before 2019!
2024-02-14 21:27:42,611 - ERROR - YoungCmpny Error: The company(000810) don't have any finstate before 2019!
2024-02-14 21:27:43,690 - ERROR - YoungCmpny Error: The company(450080) don't have any finstate before 2019!
2024-02-14 21:27:48,031 - ERROR - YoungCmpny Error: The company(259960) don't have any finstate before 2019!
2024-02-14 21:27:49,158 - ERROR - YoungCmpny Error: The company(024110) don't have any finstate before 2019!
2024-02-14 21:27:49,445 - ERROR - YoungCmpny Error: The company(316140) don't have any finstate before 2019!
2024-02-14 21:27:52,092 - ERROR - YoungCmpny Error: The company(329180) don't have any finstate before 2019!
2024-02-14 21:27:53,959 - ERROR - YoungCmpny Error: The company(352820) don't have any finstate before 2019!
2024-02-14 21:27:55,002 - ERROR - YoungCmpny Error: The company(402340) don't have any finstate before 2019!
2024-02-14 21:28:00,982 - ERROR - YoungCmpny Error: The company(326030) don't have any finstate before 2019!
2024-02-14 21:28:01,282 - ERROR - YoungCmpny Error: The company(005830) don't have any finstate before 2019!
2024-02-14 21:28:03,203 - ERROR - YoungCmpny Error: The company(377300) don't have any finstate before 2019!
2024-02-14 21:28:04,113 - ERROR - YoungCmpny Error: The company(005387) don't have any finstate before 2022!
2024-02-14 21:28:06,747 - ERROR - YoungCmpny Error: The company(088980) don't have any finstate before 2022!
2024-02-14 21:28:07,684 - ERROR - YoungCmpny Error: The company(454910) don't have any finstate before 2022!
2024-02-14 21:28:09,567 - ERROR - YoungCmpny Error: The company(006800) don't have any finstate before 2019!
2024-02-14 21:28:11,347 - ERROR - YoungCmpny Error: The company(302440) don't have any finstate before 2019!
2024-02-14 21:28:12,369 - ERROR - YoungCmpny Error: The company(361610) don't have any finstate before 2019!
2024-02-14 21:28:21,452 - ERROR - Given date not in the dataframe 'sp_data'
2024-02-14 21:28:24,019 - ERROR - YoungCmpny Error: The company(029780) don't have any finstate before 2019!
2024-02-14 21:28:25,574 - ERROR - YoungCmpny Error: The company(005385) don't have any finstate before 2022!
2024-02-14 21:28:26,591 - ERROR - YoungCmpny Error: The company(071050) don't have any finstate before 2019!
2024-02-14 21:28:26,928 - ERROR - YoungCmpny Error: The company(005940) don't have any finstate before 2019!
2024-02-14 21:28:29,558 - ERROR - YoungCmpny Error: The company(016360) don't have any finstate before 2019!
2024-02-14 21:28:38,744 - ERROR - YoungCmpny Error: The company(373220) don't have any finstate before 2019!
2024-02-14 21:28:40,413 - ERROR - YoungCmpny Error: The company(005935) don't have any finstate before 2022!
2024-02-14 21:28:45,470 - ERROR - YoungCmpny Error: The company(105560) don't have any finstate before 2019!
2024-02-14 21:28:47,350 - ERROR - YoungCmpny Error: The company(055550) don't have any finstate before 2019!
2024-02-14 21:28:49,927 - ERROR - YoungCmpny Error: The company(032830) don't have any finstate before 2019!
2024-02-14 21:28:50,206 - ERROR - YoungCmpny Error: The company(086790) don't have any finstate before 2019!
2024-02-14 21:28:51,561 - ERROR - YoungCmpny Error: The company(138040) don't have any finstate before 2019!
2024-02-14 21:28:52,564 - ERROR - YoungCmpny Error: The company(323410) don't have any finstate before 2019!
2024-02-14 21:28:52,850 - ERROR - YoungCmpny Error: The company(000810) don't have any finstate before 2019!
2024-02-14 21:28:53,871 - ERROR - YoungCmpny Error: The company(450080) don't have any finstate before 2019!
2024-02-14 21:28:58,348 - ERROR - YoungCmpny Error: The company(259960) don't have any finstate before 2019!
2024-02-14 21:28:59,483 - ERROR - YoungCmpny Error: The company(024110) don't have any finstate before 2019!
2024-02-14 21:28:59,800 - ERROR - YoungCmpny Error: The company(316140) don't have any finstate before 2019!
2024-02-14 21:29:02,501 - ERROR - YoungCmpny Error: The company(329180) don't have any finstate before 2019!
2024-02-14 21:29:03,233 - ERROR - HTTPSConnectionPool(host='opendart.fss.or.kr', port=443): Max retries exceeded with url: /api/alotMatter.json?crtfc_key=c9c3e33ebd69e0180bafc54c2ed7f47f44663bf5&corp_code=00124504&bsns_year=2022&reprt_code=11011 (Caused by SSLError(SSLEOFError(8, '[SSL: UNEXPECTED_EOF_WHILE_READING] EOF occurred in violation of protocol (_ssl.c:1007)')))
2024-02-14 22:55:09,580 - ERROR - YoungCmpny Error: The company(373220) don't have any finstate before 2019!
2024-02-14 22:55:11,161 - ERROR - YoungCmpny Error: The company(005935) don't have any finstate before 2022!
2024-02-14 22:55:16,089 - ERROR - YoungCmpny Error: The company(105560) don't have any finstate before 2019!
2024-02-14 22:55:17,971 - ERROR - YoungCmpny Error: The company(055550) don't have any finstate before 2019!
2024-02-14 22:55:20,651 - ERROR - YoungCmpny Error: The company(032830) don't have any finstate before 2019!
2024-02-14 22:55:20,970 - ERROR - YoungCmpny Error: The company(086790) don't have any finstate before 2019!
2024-02-14 22:55:22,291 - ERROR - YoungCmpny Error: The company(138040) don't have any finstate before 2019!
2024-02-14 22:55:23,412 - ERROR - YoungCmpny Error: The company(323410) don't have any finstate before 2019!
2024-02-14 22:55:23,715 - ERROR - YoungCmpny Error: The company(000810) don't have any finstate before 2019!
2024-02-14 22:55:24,795 - ERROR - YoungCmpny Error: The company(450080) don't have any finstate before 2019!
2024-02-14 22:55:28,277 - ERROR - HTTPSConnectionPool(host='opendart.fss.or.kr', port=443): Max retries exceeded with url: /api/alotMatter.json?crtfc_key=c9c3e33ebd69e0180bafc54c2ed7f47f44663bf5&corp_code=00126186&bsns_year=2019&reprt_code=11011 (Caused by SSLError(SSLEOFError(8, '[SSL: UNEXPECTED_EOF_WHILE_READING] EOF occurred in violation of protocol (_ssl.c:1007)')))
2024-02-14 22:57:05,301 - ERROR - YoungCmpny Error: The company(373220) don't have any finstate before 2019!
2024-02-14 22:57:07,576 - ERROR - YoungCmpny Error: The company(005935) don't have any finstate before 2022!
2024-02-14 22:57:08,225 - ERROR - YoungCmpny Error: The company(000270) don't have any finstate before 2022!
2024-02-14 22:57:31,570 - ERROR - HTTPSConnectionPool(host='opendart.fss.or.kr', port=443): Max retries exceeded with url: /api/alotMatter.json?crtfc_key=c9c3e33ebd69e0180bafc54c2ed7f47f44663bf5&corp_code=00413046&bsns_year=2019&reprt_code=11011 (Caused by SSLError(SSLEOFError(8, '[SSL: UNEXPECTED_EOF_WHILE_READING] EOF occurred in violation of protocol (_ssl.c:1007)')))
2024-02-14 22:58:02,069 - ERROR - YoungCmpny Error: The company(373220) don't have any finstate before 2019!
2024-02-14 22:58:03,686 - ERROR - YoungCmpny Error: The company(005935) don't have any finstate before 2022!
2024-02-14 22:58:08,691 - ERROR - YoungCmpny Error: The company(105560) don't have any finstate before 2019!
2024-02-14 22:58:10,570 - ERROR - YoungCmpny Error: The company(055550) don't have any finstate before 2019!
2024-02-14 22:58:13,228 - ERROR - YoungCmpny Error: The company(032830) don't have any finstate before 2019!
2024-02-14 22:58:13,518 - ERROR - YoungCmpny Error: The company(086790) don't have any finstate before 2019!
2024-02-14 22:58:13,823 - ERROR - YoungCmpny Error: The company(138040) don't have any finstate before 2019!
2024-02-14 22:58:14,888 - ERROR - YoungCmpny Error: The company(323410) don't have any finstate before 2019!
2024-02-14 22:58:15,188 - ERROR - YoungCmpny Error: The company(000810) don't have any finstate before 2019!
2024-02-14 22:58:16,270 - ERROR - YoungCmpny Error: The company(450080) don't have any finstate before 2019!
2024-02-14 22:58:20,544 - ERROR - YoungCmpny Error: The company(259960) don't have any finstate before 2019!
2024-02-14 22:58:21,643 - ERROR - YoungCmpny Error: The company(024110) don't have any finstate before 2019!
2024-02-14 22:58:21,929 - ERROR - YoungCmpny Error: The company(316140) don't have any finstate before 2019!
2024-02-14 22:58:24,604 - ERROR - YoungCmpny Error: The company(329180) don't have any finstate before 2019!
2024-02-14 22:58:26,498 - ERROR - YoungCmpny Error: The company(352820) don't have any finstate before 2019!
2024-02-14 22:58:27,555 - ERROR - YoungCmpny Error: The company(402340) don't have any finstate before 2019!
2024-02-14 22:58:34,338 - ERROR - YoungCmpny Error: The company(326030) don't have any finstate before 2019!
2024-02-14 22:58:34,630 - ERROR - YoungCmpny Error: The company(005830) don't have any finstate before 2019!
2024-02-14 22:58:36,463 - ERROR - YoungCmpny Error: The company(377300) don't have any finstate before 2019!
2024-02-14 22:58:37,260 - ERROR - YoungCmpny Error: The company(005387) don't have any finstate before 2022!
2024-02-14 22:58:39,771 - ERROR - YoungCmpny Error: The company(088980) don't have any finstate before 2022!
2024-02-14 22:58:40,673 - ERROR - YoungCmpny Error: The company(454910) don't have any finstate before 2022!
2024-02-14 22:58:42,569 - ERROR - YoungCmpny Error: The company(006800) don't have any finstate before 2019!
2024-02-14 22:58:45,522 - ERROR - YoungCmpny Error: The company(302440) don't have any finstate before 2019!
2024-02-14 22:58:46,618 - ERROR - YoungCmpny Error: The company(361610) don't have any finstate before 2019!
2024-02-14 22:58:55,024 - ERROR - Given date not in the dataframe 'sp_data'
2024-02-14 22:58:57,731 - ERROR - YoungCmpny Error: The company(029780) don't have any finstate before 2019!
2024-02-14 22:58:58,749 - ERROR - YoungCmpny Error: The company(011780) don't have any finstate before 2019!
2024-02-14 22:58:58,752 - ERROR - YoungCmpny Error: The company(005385) don't have any finstate before 2022!
2024-02-14 22:58:59,823 - ERROR - YoungCmpny Error: The company(071050) don't have any finstate before 2019!
2024-02-14 22:59:00,209 - ERROR - YoungCmpny Error: The company(005940) don't have any finstate before 2019!
2024-02-14 22:59:32,005 - ERROR - HTTPSConnectionPool(host='opendart.fss.or.kr', port=443): Max retries exceeded with url: /api/stockTotqySttus.json?crtfc_key=c9c3e33ebd69e0180bafc54c2ed7f47f44663bf5&corp_code=00164478&bsns_year=2022&reprt_code=11011 (Caused by SSLError(SSLEOFError(8, '[SSL: UNEXPECTED_EOF_WHILE_READING] EOF occurred in violation of protocol (_ssl.c:1007)')))
2024-02-14 23:00:24,754 - ERROR - YoungCmpny Error: The company(373220) don't have any finstate before 2019!
2024-02-14 23:00:26,492 - ERROR - YoungCmpny Error: The company(005935) don't have any finstate before 2022!
2024-02-14 23:00:32,110 - ERROR - YoungCmpny Error: The company(105560) don't have any finstate before 2019!
2024-02-14 23:00:34,170 - ERROR - YoungCmpny Error: The company(055550) don't have any finstate before 2019!
2024-02-14 23:00:37,088 - ERROR - YoungCmpny Error: The company(032830) don't have any finstate before 2019!
2024-02-14 23:00:37,423 - ERROR - YoungCmpny Error: The company(086790) don't have any finstate before 2019!
2024-02-14 23:00:37,744 - ERROR - YoungCmpny Error: The company(138040) don't have any finstate before 2019!
2024-02-14 23:00:38,918 - ERROR - YoungCmpny Error: The company(323410) don't have any finstate before 2019!
2024-02-14 23:00:39,249 - ERROR - YoungCmpny Error: The company(000810) don't have any finstate before 2019!
2024-02-14 23:00:40,421 - ERROR - YoungCmpny Error: The company(450080) don't have any finstate before 2019!
2024-02-14 23:00:45,038 - ERROR - YoungCmpny Error: The company(259960) don't have any finstate before 2019!
2024-02-14 23:00:46,377 - ERROR - YoungCmpny Error: The company(024110) don't have any finstate before 2019!
2024-02-14 23:00:46,724 - ERROR - YoungCmpny Error: The company(316140) don't have any finstate before 2019!
2024-02-14 23:00:49,697 - ERROR - YoungCmpny Error: The company(329180) don't have any finstate before 2019!
2024-02-14 23:00:51,794 - ERROR - YoungCmpny Error: The company(352820) don't have any finstate before 2019!
2024-02-14 23:00:53,029 - ERROR - YoungCmpny Error: The company(402340) don't have any finstate before 2019!
2024-02-14 23:00:59,615 - ERROR - YoungCmpny Error: The company(326030) don't have any finstate before 2019!
2024-02-14 23:00:59,958 - ERROR - YoungCmpny Error: The company(005830) don't have any finstate before 2019!
2024-02-14 23:01:02,164 - ERROR - YoungCmpny Error: The company(377300) don't have any finstate before 2019!
2024-02-14 23:01:03,082 - ERROR - YoungCmpny Error: The company(005387) don't have any finstate before 2022!
2024-02-14 23:01:05,926 - ERROR - YoungCmpny Error: The company(088980) don't have any finstate before 2022!
2024-02-14 23:01:06,995 - ERROR - YoungCmpny Error: The company(454910) don't have any finstate before 2022!
2024-02-14 23:02:36,877 - ERROR - HTTPSConnectionPool(host='opendart.fss.or.kr', port=443): Max retries exceeded with url: /api/alotMatter.json?crtfc_key=c9c3e33ebd69e0180bafc54c2ed7f47f44663bf5&corp_code=00398701&bsns_year=2022&reprt_code=11011 (Caused by SSLError(SSLEOFError(8, '[SSL: UNEXPECTED_EOF_WHILE_READING] EOF occurred in violation of protocol (_ssl.c:1007)')))
2024-02-14 23:06:33,023 - ERROR - YoungCmpny Error: The company(373220) don't have any finstate before 2019!
2024-02-14 23:06:34,907 - ERROR - YoungCmpny Error: The company(005935) don't have any finstate before 2022!
2024-02-14 23:06:40,656 - ERROR - YoungCmpny Error: The company(105560) don't have any finstate before 2019!
2024-02-14 23:06:42,814 - ERROR - YoungCmpny Error: The company(055550) don't have any finstate before 2019!
2024-02-14 23:06:45,869 - ERROR - YoungCmpny Error: The company(032830) don't have any finstate before 2019!
2024-02-14 23:06:46,221 - ERROR - YoungCmpny Error: The company(086790) don't have any finstate before 2019!
2024-02-14 23:06:46,653 - ERROR - YoungCmpny Error: The company(138040) don't have any finstate before 2019!
2024-02-14 23:06:47,934 - ERROR - YoungCmpny Error: The company(323410) don't have any finstate before 2019!
2024-02-14 23:06:48,281 - ERROR - YoungCmpny Error: The company(000810) don't have any finstate before 2019!
2024-02-14 23:06:50,514 - ERROR - YoungCmpny Error: The company(450080) don't have any finstate before 2019!
2024-02-14 23:06:55,255 - ERROR - YoungCmpny Error: The company(259960) don't have any finstate before 2019!
2024-02-14 23:06:56,494 - ERROR - YoungCmpny Error: The company(024110) don't have any finstate before 2019!
2024-02-14 23:06:56,801 - ERROR - YoungCmpny Error: The company(316140) don't have any finstate before 2019!
2024-02-14 23:06:59,922 - ERROR - YoungCmpny Error: The company(329180) don't have any finstate before 2019!
2024-02-14 23:07:18,179 - ERROR - HTTPSConnectionPool(host='opendart.fss.or.kr', port=443): Max retries exceeded with url: /api/stockTotqySttus.json?crtfc_key=c9c3e33ebd69e0180bafc54c2ed7f47f44663bf5&corp_code=00102858&bsns_year=2022&reprt_code=11011 (Caused by SSLError(SSLEOFError(8, '[SSL: UNEXPECTED_EOF_WHILE_READING] EOF occurred in violation of protocol (_ssl.c:1007)')))
2024-02-14 23:09:04,698 - ERROR - YoungCmpny Error: The company(352820) don't have any finstate before 2019!
2024-02-14 23:09:05,867 - ERROR - YoungCmpny Error: The company(402340) don't have any finstate before 2019!
2024-02-14 23:09:12,452 - ERROR - YoungCmpny Error: The company(326030) don't have any finstate before 2019!
2024-02-14 23:09:12,787 - ERROR - YoungCmpny Error: The company(005830) don't have any finstate before 2019!
2024-02-14 23:09:16,986 - ERROR - HTTPSConnectionPool(host='opendart.fss.or.kr', port=443): Max retries exceeded with url: /api/alotMatter.json?crtfc_key=c9c3e33ebd69e0180bafc54c2ed7f47f44663bf5&corp_code=00360595&bsns_year=2022&reprt_code=11011 (Caused by SSLError(SSLEOFError(8, '[SSL: UNEXPECTED_EOF_WHILE_READING] EOF occurred in violation of protocol (_ssl.c:1007)')))
2024-02-14 23:09:20,558 - ERROR - HTTPSConnectionPool(host='opendart.fss.or.kr', port=443): Max retries exceeded with url: /api/alotMatter.json?crtfc_key=c9c3e33ebd69e0180bafc54c2ed7f47f44663bf5&corp_code=00360595&bsns_year=2022&reprt_code=11011 (Caused by SSLError(SSLEOFError(8, '[SSL: UNEXPECTED_EOF_WHILE_READING] EOF occurred in violation of protocol (_ssl.c:1007)')))
2024-02-14 23:09:26,761 - ERROR - YoungCmpny Error: The company(377300) don't have any finstate before 2019!
2024-02-14 23:09:27,713 - ERROR - YoungCmpny Error: The company(005387) don't have any finstate before 2022!
2024-02-14 23:09:30,497 - ERROR - YoungCmpny Error: The company(088980) don't have any finstate before 2022!
2024-02-14 23:09:32,562 - ERROR - YoungCmpny Error: The company(454910) don't have any finstate before 2022!
2024-02-14 23:09:34,799 - ERROR - YoungCmpny Error: The company(006800) don't have any finstate before 2019!
2024-02-14 23:09:36,920 - ERROR - YoungCmpny Error: The company(302440) don't have any finstate before 2019!
2024-02-14 23:09:38,093 - ERROR - YoungCmpny Error: The company(361610) don't have any finstate before 2019!
2024-02-14 23:09:47,375 - ERROR - Given date not in the dataframe 'sp_data'
2024-02-14 23:09:51,413 - ERROR - YoungCmpny Error: The company(029780) don't have any finstate before 2019!
2024-02-14 23:09:53,099 - ERROR - YoungCmpny Error: The company(005385) don't have any finstate before 2022!
2024-02-14 23:09:54,336 - ERROR - YoungCmpny Error: The company(071050) don't have any finstate before 2019!
2024-02-14 23:09:54,707 - ERROR - YoungCmpny Error: The company(005940) don't have any finstate before 2019!
2024-02-14 23:09:57,802 - ERROR - YoungCmpny Error: The company(016360) don't have any finstate before 2019!
2024-02-19 20:01:01,909 - ERROR - YoungCmpny Error: The company(373220) don't have any finstate before 2019!
2024-02-19 20:01:03,554 - ERROR - YoungCmpny Error: The company(005935) don't have any finstate before 2022!
2024-02-19 20:01:08,612 - ERROR - YoungCmpny Error: The company(105560) don't have any finstate before 2019!
2024-02-19 20:01:10,548 - ERROR - YoungCmpny Error: The company(055550) don't have any finstate before 2019!
2024-02-19 20:01:13,299 - ERROR - YoungCmpny Error: The company(032830) don't have any finstate before 2019!
2024-02-19 20:01:13,610 - ERROR - YoungCmpny Error: The company(086790) don't have any finstate before 2019!
2024-02-19 20:01:13,919 - ERROR - YoungCmpny Error: The company(138040) don't have any finstate before 2019!
2024-02-19 20:01:16,051 - ERROR - YoungCmpny Error: The company(323410) don't have any finstate before 2019!
2024-02-19 20:01:16,368 - ERROR - YoungCmpny Error: The company(000810) don't have any finstate before 2019!
2024-02-19 20:01:17,399 - ERROR - YoungCmpny Error: The company(450080) don't have any finstate before 2019!
2024-02-19 20:01:21,571 - ERROR - YoungCmpny Error: The company(259960) don't have any finstate before 2019!
2024-02-19 20:01:22,691 - ERROR - YoungCmpny Error: The company(024110) don't have any finstate before 2019!
2024-02-19 20:01:22,979 - ERROR - YoungCmpny Error: The company(316140) don't have any finstate before 2019!
2024-02-19 20:01:25,619 - ERROR - YoungCmpny Error: The company(329180) don't have any finstate before 2019!
2024-02-19 20:01:27,571 - ERROR - YoungCmpny Error: The company(352820) don't have any finstate before 2019!
2024-02-19 20:01:28,648 - ERROR - YoungCmpny Error: The company(402340) don't have any finstate before 2019!
2024-02-19 20:01:35,752 - ERROR - YoungCmpny Error: The company(326030) don't have any finstate before 2019!
2024-02-19 20:01:36,068 - ERROR - YoungCmpny Error: The company(005830) don't have any finstate before 2019!
2024-02-19 20:01:38,152 - ERROR - YoungCmpny Error: The company(377300) don't have any finstate before 2019!
2024-02-19 20:01:39,170 - ERROR - YoungCmpny Error: The company(005387) don't have any finstate before 2022!
2024-02-19 20:01:41,682 - ERROR - YoungCmpny Error: The company(088980) don't have any finstate before 2022!
2024-02-19 20:01:42,626 - ERROR - YoungCmpny Error: The company(454910) don't have any finstate before 2022!
2024-02-19 20:01:44,548 - ERROR - YoungCmpny Error: The company(006800) don't have any finstate before 2019!
2024-02-19 20:01:46,318 - ERROR - YoungCmpny Error: The company(302440) don't have any finstate before 2019!
2024-02-19 20:01:47,400 - ERROR - YoungCmpny Error: The company(361610) don't have any finstate before 2019!
2024-02-19 20:01:56,590 - ERROR - Given date not in the dataframe 'sp_data'
2024-02-19 20:01:59,238 - ERROR - YoungCmpny Error: The company(029780) don't have any finstate before 2019!
2024-02-19 20:02:00,851 - ERROR - YoungCmpny Error: The company(005385) don't have any finstate before 2022!
2024-02-19 20:02:01,947 - ERROR - YoungCmpny Error: The company(071050) don't have any finstate before 2019!
2024-02-19 20:02:02,300 - ERROR - YoungCmpny Error: The company(005940) don't have any finstate before 2019!
2024-02-19 20:02:06,047 - ERROR - YoungCmpny Error: The company(016360) don't have any finstate before 2019!
